This is pdfTeX, Version 3.1415926-1.40.10 (TeX Live 2009/Debian) (format=pdflatex 2012.9.7)  16 FEB 2014 23:15
entering extended mode
 Source specials enabled.
 %&-line parsing enabled.
**Yasmin.tex
(./Yasmin.tex
LaTeX2e <2009/09/24>
Babel <v3.8l> and hyphenation patterns for english, usenglishmax, dumylang, noh
yphenation, ngerman, german, german-x-2009-06-19, ngerman-x-2009-06-19, loaded.

(/usr/share/texmf-texlive/tex/latex/koma-script/scrbook.cls
Document Class: scrbook 2009/07/24 v3.04a KOMA-Script document class (book)
(/usr/share/texmf-texlive/tex/latex/koma-script/scrkbase.sty
Package: scrkbase 2009/07/24 v3.04a KOMA-Script package (KOMA-Script-dependent 
basics and keyval usage)

(/usr/share/texmf-texlive/tex/latex/koma-script/scrbase.sty
Package: scrbase 2009/07/24 v3.04a KOMA-Script package (KOMA-Script-independent
 basics and keyval usage)

(/usr/share/texmf-texlive/tex/latex/graphics/keyval.sty
Package: keyval 1999/03/16 v1.13 key=value parser (DPC)
\KV@toks@=\toks14
)
(/usr/share/texmf-texlive/tex/latex/koma-script/scrlfile.sty
Package: scrlfile 2009/03/25 v3.03 KOMA-Script package (loading files)

Package scrlfile, 2009/03/25 v3.03 KOMA-Script package (loading files)
                  Copyright (C) Markus Kohm

))) (/usr/share/texmf-texlive/tex/latex/koma-script/tocbasic.sty
Package: tocbasic 2009/06/08 v3.03b KOMA-Script package (handling toc-files)
)
Package tocbasic Info: omitting babel extension for `toc'
(tocbasic)             because of feature `nobabel' available
(tocbasic)             for `toc' on input line 117.
Package tocbasic Info: omitting babel extension for `lof'
(tocbasic)             because of feature `nobabel' available
(tocbasic)             for `lof' on input line 118.
Package tocbasic Info: omitting babel extension for `lot'
(tocbasic)             because of feature `nobabel' available
(tocbasic)             for `lot' on input line 119.
Package scrbook Info: You've used obsolete option `11pt'.
(scrbook)             \KOMAExecuteOptions{fontsize=11pt} will be
(scrbook)             used instead.
(scrbook)             You may simply replace `11pt'
(scrbook)             by `fontsize=11pt'.
Class scrbook Info: File `scrsize11pt.clo' used to setup font sizes on input li
ne 1272.

(/usr/share/texmf-texlive/tex/latex/koma-script/scrsize11pt.clo
File: scrsize11pt.clo 2009/07/24 v3.04a KOMA-Script font size class option (11p
t)
)
(/usr/share/texmf-texlive/tex/latex/koma-script/typearea.sty
Package: typearea 2009/07/24 v3.04a KOMA-Script package (type area)

Package typearea, 2009/07/24 v3.04a KOMA-Script package (type area)
                  Copyright (C) Frank Neukam, 1992-1994
                  Copyright (C) Markus Kohm, 1994-

\ta@bcor=\skip41
\ta@div=\count79
Package typearea Info: You've used standard option `a5paper'.
(typearea)             This is correct!
(typearea)             Internaly I'm using `paper=a5'.
(typearea)             If you'd like to set the option with \KOMAoptions,
(typearea)             you'd have to use `paper=a5' there
(typearea)             instead of `a5paper', too.
\ta@hblk=\skip42
\ta@vblk=\skip43
\ta@temp=\skip44
DIV calculation for typearea with good linewidth.
Package typearea Info: These are the values describing the layout:
(typearea)             DIV  = 14
(typearea)             BCOR = 28.45274pt
(typearea)             \paperwidth      = 421.10083pt
(typearea)              \textwidth      = 308.50925pt
(typearea)              DIV departure   = 14%
(typearea)              \evensidemargin = -16.17743pt
(typearea)              \oddsidemargin  = -15.77097pt
(typearea)             \paperheight     = 597.50793pt
(typearea)              \textheight     = 473.4002pt
(typearea)              \topmargin      = -66.99086pt
(typearea)              \headheight     = 17.0pt
(typearea)              \headsep        = 20.40001pt
(typearea)              \topskip        = 11.0pt
(typearea)              \footskip       = 47.60002pt
(typearea)              \baselineskip   = 13.6pt
(typearea)              on input line 1115.
)
\c@part=\count80
\c@chapter=\count81
\c@section=\count82
\c@subsection=\count83
\c@subsubsection=\count84
\c@paragraph=\count85
\c@subparagraph=\count86
\abovecaptionskip=\skip45
\belowcaptionskip=\skip46
\c@pti@nb@sid@b@x=\box26
\c@figure=\count87
\c@table=\count88
\bibindent=\dimen102
) (/usr/share/texmf-texlive/tex/latex/base/inputenc.sty
Package: inputenc 2008/03/30 v1.1d Input encoding file
\inpenc@prehook=\toks15
\inpenc@posthook=\toks16

(/usr/share/texmf-texlive/tex/latex/base/ansinew.def
File: ansinew.def 2008/03/30 v1.1d Input encoding file
))
(/usr/share/texmf-texlive/tex/latex/base/fontenc.sty
Package: fontenc 2005/09/27 v1.99g Standard LaTeX package

(/usr/share/texmf-texlive/tex/latex/base/t1enc.def
File: t1enc.def 2005/09/27 v1.99g Standard LaTeX file
LaTeX Font Info:    Redeclaring font encoding T1 on input line 43.
))
(/usr/share/texmf-texlive/tex/generic/babel/babel.sty
Package: babel 2008/07/06 v3.8l The Babel package

(/usr/share/texmf-texlive/tex/generic/babel/ngermanb.ldf
Language: ngermanb 2008/07/06 v2.6n new German support from the babel system

(/usr/share/texmf-texlive/tex/generic/babel/babel.def
File: babel.def 2008/07/06 v3.8l Babel common definitions
\babel@savecnt=\count89
\U@D=\dimen103
)
\l@naustrian = a dialect from \language\l@ngerman 
Package babel Info: Making " an active character on input line 92.
))
(/usr/share/texmf-texlive/tex/latex/hyperref/hyperref.sty
Package: hyperref 2009/10/09 v6.79a Hypertext links for LaTeX

(/usr/share/texmf-texlive/tex/generic/oberdiek/ifpdf.sty
Package: ifpdf 2009/04/10 v2.0 Provides the ifpdf switch (HO)
Package ifpdf Info: pdfTeX in pdf mode detected.
)
(/usr/share/texmf-texlive/tex/generic/oberdiek/ifvtex.sty
Package: ifvtex 2008/11/04 v1.4 Switches for detecting VTeX and its modes (HO)
Package ifvtex Info: VTeX not detected.
)
(/usr/share/texmf-texlive/tex/generic/ifxetex/ifxetex.sty
Package: ifxetex 2009/01/23 v0.5 Provides ifxetex conditional
)
(/usr/share/texmf-texlive/tex/latex/oberdiek/hycolor.sty
Package: hycolor 2009/10/02 v1.5 Code for color options of hyperref/bookmark (H
O)

(/usr/share/texmf-texlive/tex/latex/oberdiek/xcolor-patch.sty
Package: xcolor-patch 2009/10/02 xcolor patch
))
\@linkdim=\dimen104
\Hy@linkcounter=\count90
\Hy@pagecounter=\count91

(/usr/share/texmf-texlive/tex/latex/hyperref/pd1enc.def
File: pd1enc.def 2009/10/09 v6.79a Hyperref: PDFDocEncoding definition (HO)
)
(/usr/share/texmf-texlive/tex/generic/oberdiek/etexcmds.sty
Package: etexcmds 2007/12/12 v1.2 Prefix for e-TeX command names (HO)

(/usr/share/texmf-texlive/tex/generic/oberdiek/infwarerr.sty
Package: infwarerr 2007/09/09 v1.2 Providing info/warning/message (HO)
)
Package etexcmds Info: Could not find \expanded.
(etexcmds)             That can mean that you are not using pdfTeX 1.50 or
(etexcmds)             that some package has redefined \expanded.
(etexcmds)             In the latter case, load this package earlier.
)
(/usr/share/texmf-texlive/tex/latex/latexconfig/hyperref.cfg
File: hyperref.cfg 2002/06/06 v1.2 hyperref configuration of TeXLive
)
(/usr/share/texmf-texlive/tex/latex/oberdiek/kvoptions.sty
Package: kvoptions 2009/08/13 v3.4 Keyval support for LaTeX options (HO)

(/usr/share/texmf-texlive/tex/generic/oberdiek/kvsetkeys.sty
Package: kvsetkeys 2009/07/30 v1.5 Key value parser with default handler suppor
t (HO)
))
Package hyperref Info: Option `pdffitwindow' set `false' on input line 2864.
Package hyperref Info: Option `colorlinks' set `true' on input line 2864.
Package hyperref Info: Hyper figures OFF on input line 2975.
Package hyperref Info: Link nesting OFF on input line 2980.
Package hyperref Info: Hyper index ON on input line 2983.
Package hyperref Info: Plain pages OFF on input line 2990.
Package hyperref Info: Backreferencing OFF on input line 2995.

Implicit mode ON; LaTeX internals redefined
Package hyperref Info: Bookmarks ON on input line 3191.
(/usr/share/texmf-texlive/tex/latex/ltxmisc/url.sty
\Urlmuskip=\muskip10
Package: url 2006/04/12  ver 3.3  Verb mode for urls, etc.
)
LaTeX Info: Redefining \url on input line 3428.

(/usr/share/texmf-texlive/tex/generic/oberdiek/bitset.sty
Package: bitset 2007/09/28 v1.0 Data type bit set (HO)

(/usr/share/texmf-texlive/tex/generic/oberdiek/intcalc.sty
Package: intcalc 2007/09/27 v1.1 Expandable integer calculations (HO)
)
(/usr/share/texmf-texlive/tex/generic/oberdiek/bigintcalc.sty
Package: bigintcalc 2007/11/11 v1.1 Expandable big integer calculations (HO)

(/usr/share/texmf-texlive/tex/generic/oberdiek/pdftexcmds.sty
Package: pdftexcmds 2009/09/23 v0.6 LuaTeX support for pdfTeX utility functions
 (HO)

(/usr/share/texmf-texlive/tex/generic/oberdiek/ifluatex.sty
Package: ifluatex 2009/04/17 v1.2 Provides the ifluatex switch (HO)
Package ifluatex Info: LuaTeX not detected.
)
(/usr/share/texmf-texlive/tex/generic/oberdiek/ltxcmds.sty
Package: ltxcmds 2009/08/05 v1.0 Some LaTeX kernel commands for general use (HO
)
)
Package pdftexcmds Info: LuaTeX not detected.
Package pdftexcmds Info: \pdf@primitive is available.
Package pdftexcmds Info: \pdf@ifprimitive is available.
)))
\Fld@menulength=\count92
\Field@Width=\dimen105
\Fld@charsize=\dimen106
\Field@toks=\toks17
Package hyperref Info: Hyper figures OFF on input line 4377.
Package hyperref Info: Link nesting OFF on input line 4382.
Package hyperref Info: Hyper index ON on input line 4385.
Package hyperref Info: backreferencing OFF on input line 4392.
Package hyperref Info: Link coloring ON on input line 4395.
Package hyperref Info: Link coloring with OCG OFF on input line 4402.
Package hyperref Info: PDF/A mode OFF on input line 4407.

(/usr/share/texmf-texlive/tex/generic/oberdiek/atbegshi.sty
Package: atbegshi 2008/07/31 v1.9 At begin shipout hook (HO)
)
\Hy@abspage=\count93
\c@Item=\count94
\c@Hfootnote=\count95
)
*hyperref using default driver hpdftex*
(/usr/share/texmf-texlive/tex/latex/hyperref/hpdftex.def
File: hpdftex.def 2009/10/09 v6.79a Hyperref driver for pdfTeX
\Fld@listcount=\count96
) (./Hyphenation.tex)
(./Namen.tex) (./Formats.tex) (./Yasmin.aux (./Frontpage.aux))
\openout1 = `Yasmin.aux'.

LaTeX Font Info:    Checking defaults for OML/cmm/m/it on input line 39.
LaTeX Font Info:    ... okay on input line 39.
LaTeX Font Info:    Checking defaults for T1/cmr/m/n on input line 39.
LaTeX Font Info:    ... okay on input line 39.
LaTeX Font Info:    Checking defaults for OT1/cmr/m/n on input line 39.
LaTeX Font Info:    ... okay on input line 39.
LaTeX Font Info:    Checking defaults for OMS/cmsy/m/n on input line 39.
LaTeX Font Info:    ... okay on input line 39.
LaTeX Font Info:    Checking defaults for OMX/cmex/m/n on input line 39.
LaTeX Font Info:    ... okay on input line 39.
LaTeX Font Info:    Checking defaults for U/cmr/m/n on input line 39.
LaTeX Font Info:    ... okay on input line 39.
LaTeX Font Info:    Checking defaults for PD1/pdf/m/n on input line 39.
LaTeX Font Info:    ... okay on input line 39.

(/usr/share/texmf-texlive/tex/latex/graphics/color.sty
Package: color 2005/11/14 v1.0j Standard LaTeX Color (DPC)

(/etc/texmf/tex/latex/config/color.cfg
File: color.cfg 2007/01/18 v1.5 color configuration of teTeX/TeXLive
)
Package color Info: Driver file: pdftex.def on input line 130.

(/usr/share/texmf-texlive/tex/latex/pdftex-def/pdftex.def
File: pdftex.def 2010/03/12 v0.04p Graphics/color for pdfTeX
\Gread@gobject=\count97

(/usr/share/texmf-texlive/tex/context/base/supp-pdf.mkii
[Loading MPS to PDF converter (version 2006.09.02).]
\scratchcounter=\count98
\scratchdimen=\dimen107
\scratchbox=\box27
\nofMPsegments=\count99
\nofMParguments=\count100
\everyMPshowfont=\toks18
\MPscratchCnt=\count101
\MPscratchDim=\dimen108
\MPnumerator=\count102
\everyMPtoPDFconversion=\toks19
)))
Package hyperref Info: Link coloring ON on input line 39.
 (/usr/share/texmf-texlive/tex/latex/hyperref/nameref.sty
Package: nameref 2007/05/29 v2.31 Cross-referencing by name of section

(/usr/share/texmf-texlive/tex/latex/oberdiek/refcount.sty
Package: refcount 2008/08/11 v3.1 Data extraction from references (HO)
)
\c@section@level=\count103
)
LaTeX Info: Redefining \ref on input line 39.
LaTeX Info: Redefining \pageref on input line 39.
 (./Yasmin.out)
(./Yasmin.out)
\@outlinefile=\write3
\openout3 = `Yasmin.out'.

\AtBeginShipoutBox=\box28
\openout2 = `Frontpage.aux'.

 (./Frontpage.tex [1




{/var/lib/texmf/fonts/map/pdftex/updmap/pdftex.map}]) [2



]
LaTeX Font Info:    Try loading font information for T1+cmss on input line 44.
 (/usr/share/texmf-texlive/tex/latex/base/t1cmss.fd
File: t1cmss.fd 1999/05/25 v2.5h Standard LaTeX font definitions
) (./Yasmin.toc
Class scrbook Info: You've told me to use the font selection of the element
(scrbook)           `sectioning' that is an alias of element `disposition'
(scrbook)            on input line 2.
LaTeX Font Info:    External font `cmex10' loaded for size
(Font)              <10.95> on input line 3.
LaTeX Font Info:    External font `cmex10' loaded for size
(Font)              <8> on input line 3.
LaTeX Font Info:    External font `cmex10' loaded for size
(Font)              <6> on input line 3.
Class scrbook Info: You've told me to use the font selection of the element
(scrbook)           `sectioning' that is an alias of element `disposition'
(scrbook)            on input line 5.
Class scrbook Info: You've told me to use the font selection of the element
(scrbook)           `sectioning' that is an alias of element `disposition'
(scrbook)            on input line 6.
Class scrbook Info: You've told me to use the font selection of the element
(scrbook)           `sectioning' that is an alias of element `disposition'
(scrbook)            on input line 9.
Class scrbook Info: You've told me to use the font selection of the element
(scrbook)           `sectioning' that is an alias of element `disposition'
(scrbook)            on input line 10.
Class scrbook Info: You've told me to use the font selection of the element
(scrbook)           `sectioning' that is an alias of element `disposition'
(scrbook)            on input line 12.
Class scrbook Info: You've told me to use the font selection of the element
(scrbook)           `sectioning' that is an alias of element `disposition'
(scrbook)            on input line 20.
Class scrbook Info: You've told me to use the font selection of the element
(scrbook)           `sectioning' that is an alias of element `disposition'
(scrbook)            on input line 21.
Class scrbook Info: You've told me to use the font selection of the element
(scrbook)           `sectioning' that is an alias of element `disposition'
(scrbook)            on input line 22.

[3]
Class scrbook Info: You've told me to use the font selection of the element
(scrbook)           `sectioning' that is an alias of element `disposition'
(scrbook)            on input line 31.
)
\tf@toc=\write4
\openout4 = `Yasmin.toc'.

 (./Chapters/Prolog/bar.tex [4]
Kapitel 1.
[5


] [6] [7] [8] [9]) (./Chapters/Prolog/daemonen.tex [10] [11] [12] [13])
(./Chapters/Prolog/mantel.tex [14] [15] [16] [17] [18] [19] [20] [21])
(./Chapters/Prolog/mantel2.tex [22]
Underfull \vbox (badness 2698) has occurred while \output is active []

 [23]
[24]) (./Chapters/spinnenhoehle.tex [25] [26


]
Kapitel 2.
[27] [28]) [29] (./Chapters/Moswara/yasmin_verschwunden.tex [30]
Kapitel 3.
[31


] [32] [33] [34] [35] [36] [37]) (./Chapters/Moswara/moswara.tex [38]
[39] [40] [41] [42] [43] [44] [45] [46] [47] [48] [49] [50] [51] [52] [53]
[54]) (./Chapters/Moswara/kajira.tex [55] [56


]
Kapitel 4.
[57] [58] [59] [60] [61] [62] [63]) (./Chapters/Moswara/drachenreiter.tex
[64] [65] [66] [67] [68] [69] [70] [71] [72])
(./Chapters/Moswara/drachenreiter2.tex [73] [74] [75] [76] [77] [78] [79]
[80] [81] [82] [83]) (./Chapters/Moswara/drachenreiter3.tex
Overfull \hbox (0.39658pt too wide) in paragraph at lines 2--12
[][]\T1/cmr/m/n/10.95 Denn ein klei-ner Trupp äu-ÿerst fins-ter aus-se-hen-der 
Krie-ger kommt
 []

[84] [85] [86] [87] [88] [89] [90] [91] [92] [93])
(./Chapters/Feuermagier/lehrling.tex [94]
Kapitel 5.
[95


]) (./Chapters/Feuermagier/feuer.tex [96] [97])
(./Chapters/Traeumer/traeumer.tex [98] [99


]) (./Chapters/Feenwald/tag1.tex
[100]
Kapitel 6.
[101


]) (./Chapters/Feenwald/tag4.tex [102] [103] [104] [105] [106] [107]
[108]) (./Chapters/Feenwald/tag5.tex [109] [110] [111] [112] [113] [114]
[115] [116] [117]) (./Chapters/Feenwald/tag6.tex [118] [119] [120] [121]
[122] [123] [124] [125] [126] [127] [128]) (./Chapters/Feenwald/tag7.tex
[129] [130] [131]) (./Chapters/Feenwald/tag8.tex [132] [133] [134] [135])
(./Chapters/Feenwald/tag12.tex [136] [137] [138] [139] [140] [141] [142]
[143] [144] [145] [146] [147] [148] [149] [150] [151] [152] [153] [154]
[155] [156]) [157] (./Chapters/tempel.tex [158]
Kapitel 7.
[159


] [160] [161] [162] [163] [164] [165] [166] [167] [168] [169] [170]
[171] [172] [173] [174] [175]
Underfull \vbox (badness 2698) has occurred while \output is active []

 [176]
[177] [178] [179] [180] [181] [182]) [183] (./Chapters/see.tex [184]
Kapitel 8.
[185


] [186] [187] [188] [189] [190] [191] [192] [193]) [194]
(./Chapters/Beerdigung/beerdigung.tex [195] [196


]
Kapitel 9.
[197] [198] [199]
Underfull \vbox (badness 2698) has occurred while \output is active []

 [200]
[201] [202] [203] [204] [205] [206] [207] [208] [209] [210] [211] [212]
[213]
Underfull \vbox (badness 2698) has occurred while \output is active []

 [214]
[215] [216] [217] [218] [219]
Underfull \vbox (badness 2698) has occurred while \output is active []

 [220]
Underfull \vbox (badness 2698) has occurred while \output is active []

 [221])
(./Chapters/Beerdigung/beerdigung2.tex [222] [223] [224] [225]
Underfull \vbox (badness 2698) has occurred while \output is active []

 [226]
[227] [228] [229] [230] [231] [232] [233] [234] [235] [236] [237])
(./Chapters/Beerdigung/beerdigung3.tex [238] [239] [240])
(./Chapters/Beerdigung/beerdigung4.tex [241] [242]
Underfull \vbox (badness 2671) has occurred while \output is active []

 [243]
[244] [245] [246]) (./Chapters/Beerdigung/eliok.tex [247] [248] [249] [250]
[251]) (./Chapters/Beerdigung/eliok2.tex
Underfull \vbox (badness 2698) has occurred while \output is active []

 [252]
[253] [254] [255] [256] [257] [258] [259] [260] [261])
(./Chapters/Beerdigung/eliok3.tex) (./Chapters/Beerdigung/labor.tex [262]
[263] [264] [265] [266] [267] [268]) (./Chapters/Beerdigung/revolution.tex
[269] [270] [271] [272]) [273] [274]
Kapitel 10.
(./Chapters/vampyr.tex [275


] [276] [277] [278] [279] [280] [281] [282] [283]
[284] [285]) (./Chapters/riesenwaechter.tex [286] [287] [288] [289] [290])
(./Chapters/feuerallee.tex [291]) (./Chapters/Schlacht/schlacht1.tex [292]
[293] [294] [295] [296]) (./Chapters/feuerkaefer.tex [297] [298] [299])
(./Chapters/fliegenmitfeuervogel.tex [300] [301] [302]) (./Chapters/panther.tex
[303]) (./Chapters/krug.tex [304]) (./Chapters/holnis.tex [305] [306])
(./Chapters/Feuermagier/magie_vs_energie.tex [307])
(./Chapters/superportal/superportal.tex [308] [309] [310] [311] [312] [313]
[314] [315] [316] [317]) (./Chapters/lavamann.tex [318] [319] [320]) [321]
(./Yasmin.aux (./Frontpage.aux)) ) 
Here is how much of TeX's memory you used:
 6414 strings out of 495021
 94844 string characters out of 1181036
 181367 words of memory out of 3000000
 9014 multiletter control sequences out of 15000+50000
 14595 words of font info for 34 fonts, out of 3000000 for 9000
 28 hyphenation exceptions out of 8191
 43i,8n,43p,922b,448s stack positions out of 5000i,500n,10000p,200000b,50000s
 </home/andre/.texmf-var/fonts/pk/ljfour/jkna
ppen/ec/eccc1095.600pk> </home/andre/.texmf-var/fonts/pk/ljfour/jknappen/ec/ect
i1095.600pk> </home/andre/.texmf-var/fonts/pk/ljfour/jknappen/ec/ecsx1200.600pk
> </home/andre/.texmf-var/fonts/pk/ljfour/jknappen/ec/ecsx1440.600pk> </home/an
dre/.texmf-var/fonts/pk/ljfour/jknappen/ec/ecrm1095.600pk> </home/andre/.texmf-
var/fonts/pk/ljfour/jknappen/ec/ecsx1095.600pk> </home/andre/.texmf-var/fonts/p
k/ljfour/jknappen/ec/ecsx2074.600pk> </home/andre/.texmf-var/fonts/pk/ljfour/jk
nappen/ec/ecrm1440.600pk> </home/andre/.texmf-var/fonts/pk/ljfour/jknappen/ec/e
ccc2488.600pk>
Output written on Yasmin.pdf (321 pages, 905517 bytes).
PDF statistics:
 2054 PDF objects out of 2073 (max. 8388607)
 366 named destinations out of 1000 (max. 500000)
 337 words of extra memory for PDF output out of 10000 (max. 10000000)

