\BOOKMARK [0][-]{chapter.1}{Eine interessante Begegnung}{}
\BOOKMARK [1][-]{section.1.1}{Nur ein Mantel}{chapter.1}
\BOOKMARK [2][-]{subsection.1.1.1}{Gefangen im eigenen Haus}{section.1.1}
\BOOKMARK [0][-]{chapter.2}{Tief unter der Erde}{}
\BOOKMARK [0][-]{chapter.3}{Sumpf des Vergessens}{}
\BOOKMARK [1][-]{section.3.1}{Yasmin verschwunden}{chapter.3}
\BOOKMARK [1][-]{section.3.2}{Das vergessene Schloss}{chapter.3}
\BOOKMARK [0][-]{chapter.4}{Bei den Drachen}{}
\BOOKMARK [0][-]{chapter.5}{Wahre Magie}{}
\BOOKMARK [1][-]{section.5.1}{Feuer lernen}{chapter.5}
\BOOKMARK [0][-]{chapter.6}{Kleine Freunde}{}
\BOOKMARK [1][-]{section.6.1}{Tag 1}{chapter.6}
\BOOKMARK [1][-]{section.6.2}{Tag 4}{chapter.6}
\BOOKMARK [1][-]{section.6.3}{Tag 5}{chapter.6}
\BOOKMARK [1][-]{section.6.4}{Tag 6}{chapter.6}
\BOOKMARK [1][-]{section.6.5}{Tag 7}{chapter.6}
\BOOKMARK [1][-]{section.6.6}{Tag 8}{chapter.6}
\BOOKMARK [1][-]{section.6.7}{Tag 12}{chapter.6}
\BOOKMARK [0][-]{chapter.7}{Der Tempel der G\366tter}{}
\BOOKMARK [0][-]{chapter.8}{Eine Bruchlandung}{}
\BOOKMARK [0][-]{chapter.9}{Trauer um eine Freundin}{}
\BOOKMARK [1][-]{section.9.1}{Eine Fee!}{chapter.9}
\BOOKMARK [1][-]{section.9.2}{Zur\374ck im Feenwald}{chapter.9}
\BOOKMARK [1][-]{section.9.3}{Abschied nehmen}{chapter.9}
\BOOKMARK [1][-]{section.9.4}{Der Rat der Freunde}{chapter.9}
\BOOKMARK [1][-]{section.9.5}{Eliok, der Weise}{chapter.9}
\BOOKMARK [2][-]{subsection.9.5.1}{Die Mutter des Lebens}{section.9.5}
\BOOKMARK [1][-]{section.9.6}{Laboratorium}{chapter.9}
\BOOKMARK [1][-]{section.9.7}{Revolution im Feenwald}{chapter.9}
\BOOKMARK [0][-]{chapter.10}{Diverses}{}
\BOOKMARK [1][-]{section.10.1}{Vampyra}{chapter.10}
\BOOKMARK [1][-]{section.10.2}{Riesenw\344chter}{chapter.10}
\BOOKMARK [1][-]{section.10.3}{Feuerallee}{chapter.10}
\BOOKMARK [1][-]{section.10.4}{Schlacht}{chapter.10}
\BOOKMARK [1][-]{section.10.5}{Feuerk\344fer}{chapter.10}
\BOOKMARK [1][-]{section.10.6}{Fliegen mit dem Feuervogel}{chapter.10}
\BOOKMARK [1][-]{section.10.7}{Panther}{chapter.10}
\BOOKMARK [1][-]{section.10.8}{Krug}{chapter.10}
\BOOKMARK [1][-]{section.10.9}{Holnis}{chapter.10}
\BOOKMARK [1][-]{section.10.10}{Magie erkl\344rt}{chapter.10}
\BOOKMARK [1][-]{section.10.11}{Portal der Portale}{chapter.10}
\BOOKMARK [1][-]{section.10.12}{Der Mann aus Lava}{chapter.10}
